   1:A0197423_AIDAN_HERRON:BtwuyC:33d1bc2899418907b2d60afabf13488e
   2:A0197423_AIDAN_HERRON:QBTxhy:a23be510b14143dbead97ae285d2b8c7adc851716cd5f362b16a828a5731ab48
   3:A0197423_AIDAN_HERRON:JSeFjT:74676a690ced64401c168a76a0e62362
   4:A0197423_AIDAN_HERRON:VBhMAo:10b10f1bbbe527fca48eda7c9e89814195b63c857c3f8c8e0994487c54019338
   5:A0197423_AIDAN_HERRON:GOYxog:fbf575e8de7ee323cd960c1358b24532ca79c00e773d69f3312964f8afc5c595
   6:A0197423_AIDAN_HERRON:rmFVsk:9d4b5496b4f58216116392a5b8142b40ccddc84e2a5b9f73e55ad1a809a41432
   7:A0197423_AIDAN_HERRON:psHkXV:af60467bcced36dde076b57b6e87ca0c
   8:A0197423_AIDAN_HERRON:CPfuMe:87c86500185809ab8261647691095801a7618c4acb1ec1432d63df85c045e2d1
   9:A0197423_AIDAN_HERRON:ZWEYrQ:005842c2fb6a418fc2027885e50175de
  10:A0197423_AIDAN_HERRON:acHdvo:5a06bfa715b40791f99666fc944326b5
  11:A0197423_AIDAN_HERRON:JBKhES:332639cb0819359e4dc159b7e35f6f19f98ed79c378126c332d9b0e3a74ce555
  12:A0197423_AIDAN_HERRON:vOrqJQ:6c4bdfc5ca3fb0d6d5bf1767e593badf
  13:A0197423_AIDAN_HERRON:RvpPwL:bbccaddf53ecaa909ab6159d773105d0
  14:A0197423_AIDAN_HERRON:ZftPeM:05fd9a0edaf8575263b2e87d0b2ea4a9
  15:A0197423_AIDAN_HERRON:avnmbR:ff185bf7f459dde6b042c0250f842337a6bae6b669708374ee92ef36bd81875f
  16:A0197423_AIDAN_HERRON:QaUtsi:b348d2c5039610f1c8975d9749dd8b9c
  17:A0197423_AIDAN_HERRON:iUHnCO:e5b6bd554e2e7ed03f938b8e3ca5e358
  18:A0197423_AIDAN_HERRON:kqHzYV:8198881b3bd5d8f7a4d057133689b0b375c7789eb5fa5f806bc3f2ca20be1d31
  19:A0197423_AIDAN_HERRON:NJZyOX:2013b2d86d7d1afa629dcb8a70a89c782ddb619cb970d66d5c951e1ab7e08ac5
  20:A0197423_AIDAN_HERRON:wdPjnC:dd93834cd01f565d60f361a2a14a4f52f4b42bf32b569d3bc3d0cf562fd9ca4b
  21:A0197423_AIDAN_HERRON:CmIPiL:dba104f42144b4e3a82227480ebf34f582615d296fe2124f9b48f118a6dfb0b4
  22:A0197423_AIDAN_HERRON:pUXQWb:f7a68bfe6ee4e2a3cdd549226690926c
  23:A0197423_AIDAN_HERRON:QwnrYI:5c6147f948086eb04f7551f9b58dcb94
  24:A0197423_AIDAN_HERRON:zYOKfd:b660be789f64d89c575083b18a48ee5d
  25:A0197423_AIDAN_HERRON:oMBzGW:19b1046d076615a487461acdc2d7e7ff
  26:A0197423_AIDAN_HERRON:oDLQqI:f398c7829131b44a99ddeb835189c73d89e1a9f94e9642de7cb50fccedc28604
  27:A0197423_AIDAN_HERRON:SInvkU:1dc0e2e9fb35b5a7eb2e299fc5d121f9
  28:A0197423_AIDAN_HERRON:IVLdqx:e2679867d888bcddfd1afca2a9e64ee2
  29:A0197423_AIDAN_HERRON:jISoNF:571e8c19122d17c1e3aad042fac5534a164da316203ba8f2716a53f89c46fc02
  30:A0197423_AIDAN_HERRON:RbFrPx:eaf4a0f88dae742b13f4c43771514c12
  31:A0197423_AIDAN_HERRON:zRZOix:b42cbb60d423ebdbca33a9f9e0c61a44
  32:A0197423_AIDAN_HERRON:bgiVOW:6d622a165d0e34aa56258060a44c23a1
  33:A0197423_AIDAN_HERRON:mTDYig:10485adf8c59def7c57123974e8ddf64
  34:A0197423_AIDAN_HERRON:khbHvB:1df38c9b9771bf3e4be0e4b4133192edd61bd12a4ca09feade19cff485785e06
  35:A0197423_AIDAN_HERRON:ZghtHj:e159790ab7ca831fc9f3801d46713a659749d6ea64f67a2d4c18e34ed17185d9
  36:A0197423_AIDAN_HERRON:ZUFyAv:547004a6886a7101283715fc4f6bd85cefe6069168fbfd6347b9b5b3c2c2ec71
  37:A0197423_AIDAN_HERRON:xXikUR:864d5ace83f5333d7fb02f19c1b264a9ce3877efb2d8c9f2227779bf8853b388
  38:A0197423_AIDAN_HERRON:waNiuY:a4e15c3ff846ca95b59e5d7a161b5e497c2507f39c6df12377f5e440abbb6ccf
  39:A0197423_AIDAN_HERRON:GjmikQ:34ebcf0540949393348c38c93611cf51eaa22336f70fd1638365f7e9e49130df
  40:A0197423_AIDAN_HERRON:zgNFSf:304f3fa1704b9069f1344d9daad3e1f4
  41:A0197423_AIDAN_HERRON:ylAiKB:13abc31c8a81eecb9a3bf715b4bf774e
  42:A0197423_AIDAN_HERRON:dDFilq:2729b6aa8e9df713f54d07756b39632b
  43:A0197423_AIDAN_HERRON:EKPHjs:ccffb82b81748a59a0c5caa9f839cb93dd8c85d0c6183cba53e524f81e957c5c
  44:A0197423_AIDAN_HERRON:JOvnfx:d1e7e6f7754e345d886f1ef236baf7678ac8a9b72e076cfeb2c502b90c86d295
  45:A0197423_AIDAN_HERRON:hpVTcG:b49938249404d347ae25f3497c8cb7b0
  46:A0197423_AIDAN_HERRON:JgkGoB:69b101caa15e94264b39e819065191bc
  47:A0197423_AIDAN_HERRON:epxoGn:1cd3b4682cb45efcf832e79c0f1d95b48eac2fd2cacfcb986af2ea7e09cfd14d
  48:A0197423_AIDAN_HERRON:GMHJeV:d6c3bc3cc97f3022dea94bad06b11d7d85bf4f2a3255ad5c1fffa336ecc3f359
  49:A0197423_AIDAN_HERRON:wWoVQi:0c23179a0e065aa84a75a417085048898c7bf0bd667197e2df3978dfed086843
  50:A0197423_AIDAN_HERRON:VoNmEi:6ef846bf411f0589f9c7570addb99b6a
  51:A0197423_AIDAN_HERRON:vGanWt:ff61bf8ad0c8859afd250e2c8a0470f6
  52:A0197423_AIDAN_HERRON:mjidUJ:aef3fa9350c6be44f5d01cbf7328d8dc5f0c766cd77b51c1027c787773b4f066
  53:A0197423_AIDAN_HERRON:sZJwLa:66b8a57fdd5e7f5962ba46115376629f
  54:A0197423_AIDAN_HERRON:xEgbRN:b389e507863cb33e8bd375359f5452bf91db4ba70046c836fe06eb800176d7b2
  55:A0197423_AIDAN_HERRON:tEOYjF:e8fe33c00c7de781e0dabf626915eb13
  56:A0197423_AIDAN_HERRON:WoHzYi:fbf8f69c26bd4f2e2fa6391558fc46b1
  57:A0197423_AIDAN_HERRON:GXTHCS:7abd87f9ab0be50b561e8995c61c270e9273791c640f3a8434cdfd913e868318
  58:A0197423_AIDAN_HERRON:AkhbEM:ff467dd3a976dd006494afc6ef5208b2725d981a2c1cff414d5458aa26d97b0a
  59:A0197423_AIDAN_HERRON:JjEXxi:6e15b5912bc0fd40028407cb263532ec
  60:A0197423_AIDAN_HERRON:YKHRyE:e9c9a2863e181e9bc9503fae9546a291
  61:A0197423_AIDAN_HERRON:VpvMWN:8319732b427adae915233722677c4e61a17c397ba777e9cd911fdafd597f8fd6
  62:A0197423_AIDAN_HERRON:ankXlG:40c9226bfe5aac668da66c62ef774a368df671ef8141fb4f590edf1f41496a5a
  63:A0197423_AIDAN_HERRON:daLkzr:06e4e591c1645eb3641a6ab469e40786518a1715152c28d723aa254c26c51e8b
  64:A0197423_AIDAN_HERRON:SUdtbF:5e3e788474ebe4be88e299f760db8fc5f88edbecc32a700a97177d6520ae7c9f
  65:A0197423_AIDAN_HERRON:fTPdHr:80c09f0b6355b90ea84bc4f4179ba5cafa752709f2d0e00ecd1ad38f996fea66
  66:A0197423_AIDAN_HERRON:wsEaBQ:cba96c200797347c93ac4608969b1d22
  67:A0197423_AIDAN_HERRON:eDobYk:b23396822c5f037142906ea1aac276a84f0565a0a7deb3ae8b3f25219b399a47
  68:A0197423_AIDAN_HERRON:iaRqSZ:f5d2ed46fe507272f8072379c7637ca8
  69:A0197423_AIDAN_HERRON:pboRjm:0c3436ff1046effe8c321581aa315ee6c13d4133d8735ba36a586fcae06b39d1
  70:A0197423_AIDAN_HERRON:QSJngB:5bed216b567af88cf5b005eb593e7cb7
  71:A0197423_AIDAN_HERRON:LjSROa:eec7b3fd5dd68aab2b5fab20940c175d947b15f459458507f0816c1767ca925e
  72:A0197423_AIDAN_HERRON:XADTGf:03e498b30a1ec2888a2b4bd751fbd138967e349441d1b112372135068d2ebf23
  73:A0197423_AIDAN_HERRON:XnYuHi:daa4bd994caa8c820cd0ccfaafbaf9a8
  74:A0197423_AIDAN_HERRON:gRfVbY:e44dcfb10271ce23c880c3fc171427d07e653455dc33bd72e21fa1b694e983b1
  75:A0197423_AIDAN_HERRON:ZOtqYE:77a458e16cbca3742cfb4611006946cac7fbfe4fac8315d62aa03305643721cb
  76:A0197423_AIDAN_HERRON:LZEiUI:3444256f158664855f8a3a283eeef29e
  77:A0197423_AIDAN_HERRON:wpaBZW:0ea568d1e1a07ad3f00cfa6eab2d3fc0
  78:A0197423_AIDAN_HERRON:VaSfNA:add79a4a54e17b2cca9ce59f1e5cbd65
  79:A0197423_AIDAN_HERRON:jMYVaT:be26a295510afe53abec4827b0d364da0b3edcfc31172c490c32e62558142d3d
  80:A0197423_AIDAN_HERRON:MkcpGB:803b69f721964928b00fe27c69264508
  81:A0197423_AIDAN_HERRON:tbCWGB:ad43755bf0889f716dba53e94026099a
  82:A0197423_AIDAN_HERRON:AkOBrP:cb215bfff7b63cd8866964eae737fb0e
  83:A0197423_AIDAN_HERRON:hOAWja:1da22a9dc714c895a483630ae08b465e
  84:A0197423_AIDAN_HERRON:NDityr:cb75656a8c058418a64a438a044cc053ab18c8ac2df0244478c5b317a5e1151c
  85:A0197423_AIDAN_HERRON:iovfOF:47affd6bd39360b1c17689a4bf223c39
  86:A0197423_AIDAN_HERRON:OiEDnm:e6fb48aa7fa417cac50f3fd802595026967e7559fcc194d8b51dfae1a7e0a7b3
  87:A0197423_AIDAN_HERRON:dZLcSg:e9bb3bd747d300b8a6370f2e339f7d8a
  88:A0197423_AIDAN_HERRON:AWcjPm:ab30e1e204068b6a74231f2e683a21f0
  89:A0197423_AIDAN_HERRON:lwAGNb:772e3a9aea41a872539d76ed7dc6abccf764dc10fa0a75248362977456d13fb0
  90:A0197423_AIDAN_HERRON:zqhsDi:5b258dc7a6ce2350d0b9fbb32d92cdc7fe68fe968a8e3b89712ebcd958e6912b
  91:A0197423_AIDAN_HERRON:eoFPtX:b6199bd96daacf81c1ee37dfecd55b06
  92:A0197423_AIDAN_HERRON:skWgRi:9af74b7e1a5abd69ff27c6e4177eef5575942e63b71034b7f201aefe9cfbd79c
  93:A0197423_AIDAN_HERRON:GXnKeD:10048b9b865c7c1229b07a9aaac0d7af
  94:A0197423_AIDAN_HERRON:XOBqRa:c6f52c6f8d3dc4c44b51c6955b856cee84251bfa40088a122d42f90589d42f59
  95:A0197423_AIDAN_HERRON:xRiUGq:30c6a1bcadfb1aca9b2e898084e1952da5d6360eb37c8303958c4a32f20d878c
  96:A0197423_AIDAN_HERRON:qMZNyj:6353f8f6b70fd6c3f038503d10f6b4df
  97:A0197423_AIDAN_HERRON:DVionb:76e14ab1fdada043e5ee2df8dbe51b691bf24acb579eb27d2a53609328c1c598
  98:A0197423_AIDAN_HERRON:qMzoDp:700b8919e313a17d647ac52a687df2b3
  99:A0197423_AIDAN_HERRON:wejQUb:09be1e9f96ca2346948958d93e163582
 100:A0197423_AIDAN_HERRON:Zapfyr:fceb8890c6f89afaa50fc510a0208d1e
 101:A0197423_AIDAN_HERRON:MQPnhG:45f3767d8328de124a2fabe32ec80036
 102:A0197423_AIDAN_HERRON:vIGEnx:3143f9abde471e5b8d199330d866670aeb620bfaad079058b40bf5daa5705ac9
 103:A0197423_AIDAN_HERRON:XcZopP:6cbeb82f187b7468ae06758122953a96
 104:A0197423_AIDAN_HERRON:MrWmYe:b659f3ef60c455633a6990124dab65f2
 105:A0197423_AIDAN_HERRON:TqAoxz:d89af933a0bc8f6d884635350d18a2d840d20560f657f3c12ed5b989832912b8
 106:A0197423_AIDAN_HERRON:LbkoxS:8b6ff8c8483745de607325d56b7527038ae8c602f211411c998b8cbb251bd93b
 107:A0197423_AIDAN_HERRON:DCuUyf:67f22b4ecfe9a271aaa709ab59a5543d
 108:A0197423_AIDAN_HERRON:CSXFJP:643ae4219d13bddf9b29267bbab41e45050d944ade95d912e61bd048d743ae74
 109:A0197423_AIDAN_HERRON:QPgFWM:d01a742a7b9341b2ce086ee7e2277d6b1f443cdeb5ee0429206c2ffc5b4bbea4
 110:A0197423_AIDAN_HERRON:eGPoQI:8f48e6d4efc174295be76dd1d62a34bcda8171e04a844b0308a62ace54adc020
 111:A0197423_AIDAN_HERRON:oYHXqm:a4663745af0b76ba8441c06c6bbc6ab7d2523ef1124dd11edee8c8ad7e410be5
 112:A0197423_AIDAN_HERRON:bTBHtY:455df88faeb072cf43184d59cedc00ac
 113:A0197423_AIDAN_HERRON:mtYpzh:8cf723d4e18fafe78fc5173d0be1b63f18ff089a4e582a1eaabfb219657b2395
 114:A0197423_AIDAN_HERRON:KejcHm:6efd522640df32b05d20872cccb270f4638439650ecbefed585b87cf0c8504c5
 115:A0197423_AIDAN_HERRON:rOnHsb:02f4342baa06168420a00a674cea0e7c
 116:A0197423_AIDAN_HERRON:GNeqbi:e71c17fcf38cb6330cb73687be0b7d90
 117:A0197423_AIDAN_HERRON:edZfDt:559814be3d747bf3acbd7c46ddebe28ce1df5f545731cd840463d8ceef70bac9
 118:A0197423_AIDAN_HERRON:BRGaPA:52813c75626ff1b4d2d55808bdad24c1507e3ae8a5eb553462d713a31f1d66b7
 119:A0197423_AIDAN_HERRON:RhjMTA:a7cb45085d64eb67080c0af256638718
 120:A0197423_AIDAN_HERRON:pUzxCe:827b85333182541b820ba59af026c00a0f2ecf34281136083b0073c6540140c8
 121:A0197423_AIDAN_HERRON:YBdZIh:11ab60c33fdf0764fc9b73252c27ad2264ce70284f56e1910d93c7474fdcdd52
 122:A0197423_AIDAN_HERRON:COwtWr:816dbf0faccbb7261b55ff8eb66c5d0a
 123:A0197423_AIDAN_HERRON:lYAwFZ:7521cc4afe2f09d5ed52bb8279853afb
 124:A0197423_AIDAN_HERRON:urWLcX:cf76016948e6df1001b3e325c93fd0630382ad6b41c359779f07e6e4949616f3
 125:A0197423_AIDAN_HERRON:vXHgsN:fc7dd6dad5d631d5c3404ddd3493e64c1eaf1cf9ece8c1758461d443f44a9ecb
 126:A0197423_AIDAN_HERRON:EuzUIw:f55860d06436d9d68b2bbb6dfe6c48e5a7721d1d2da4e4397b1eeef884e312f7
 127:A0197423_AIDAN_HERRON:Fvfrpi:04d4eabee785c45c7d3153e39c6b5546
 128:A0197423_AIDAN_HERRON:KiACrR:9d019f03c6526d551f0a969be69391dffeadd4606c991a47c66290ef176d14ca
 129:A0197423_AIDAN_HERRON:lqVrnW:7ed9d18df0b3e5f201158d73fae783f3
 130:A0197423_AIDAN_HERRON:rbRElt:582e6d2325b474f03fe7dd385b4d1a92
 131:A0197423_AIDAN_HERRON:oQditu:1fe2ec7d17dd88550690c975c21d45ad
 132:A0197423_AIDAN_HERRON:tcsLoJ:7f10aea4c10145fb403b83b902364f9f
 133:A0197423_AIDAN_HERRON:lDXsym:71568e19bc6317c8f61ec80b51bdb574
 134:A0197423_AIDAN_HERRON:rbJujP:142c4144d505ece396802a8ec257177f
 135:A0197423_AIDAN_HERRON:OjwUrY:2f0a18f24d7b6dc4bd982534dccd6c4a
 136:A0197423_AIDAN_HERRON:VmlTXv:dc8f429088787807fda6bf7122439386
 137:A0197423_AIDAN_HERRON:jsoHAg:fa0b60dfdbdbf6a6a59cd86a4d8403cc4cb7a9c8da93e5f45285f13b9f109272
 138:A0197423_AIDAN_HERRON:RYpbil:f5e315ce0f65dd96a198faca306ad578
 139:A0197423_AIDAN_HERRON:fLuCWH:d136bca79d17ca38049536b8b6305947
 140:A0197423_AIDAN_HERRON:foWITv:809e26405490d898b05f5eba6d71482d32f4b88372e19797471990bd0630956c
 141:A0197423_AIDAN_HERRON:NqmJCc:c1c6511e86ecd66c2a9d09462be86348fc6c2f2cb98225062992f53f14f1b630
 142:A0197423_AIDAN_HERRON:YDLGnb:1d4b265d631ee779b81867eaf2f73e26b977d439be6bbf758c1d3c114fb1e2b8
 143:A0197423_AIDAN_HERRON:KUoysM:83f05f12d2f6ed2cf3d5abf712751e86
 144:A0197423_AIDAN_HERRON:xyqZfh:4e973e86456963ae3806eaaf8a1dc8df
 145:A0197423_AIDAN_HERRON:rjxOgQ:687e82290f4fa87a7b3347d54cf5bc5ba9bf9f0764fb389da968bafb8ba52c5d
 146:A0197423_AIDAN_HERRON:mcIRpX:6bc3714e803a28c70f36f177f9f24d4adce0d1bf162febd72a9d1dcf00459492
 147:A0197423_AIDAN_HERRON:JIcUsV:621419d90866a4ff7a84bbb27d64a5e6
 148:A0197423_AIDAN_HERRON:ZPJIMg:2d95afd03aab06c1d3cfa5aeeccf396b
 149:A0197423_AIDAN_HERRON:WlIAKc:a019585df355548caf2b62bb0109e142
 150:A0197423_AIDAN_HERRON:FMJYuB:060afad78cc988ad90fed7cb609b8272
 151:A0197423_AIDAN_HERRON:WkEoIB:185cf81d9d7b7eb056c96eefa5513d85
 152:A0197423_AIDAN_HERRON:AVsEdS:bb9a5cac32a70a9fe28da5facbffbd4f1d7cee96376c5f0b33655f97d7b199c8
 153:A0197423_AIDAN_HERRON:gxieLO:92a0ceedb4d8c025a6b9963c28107a0f
 154:A0197423_AIDAN_HERRON:lFeOEU:aa3c49ba96e4c79a89f90971ecd5b6a916f52f51a3567ddeaf8ce65980dc182d
 155:A0197423_AIDAN_HERRON:BEWIdo:b1a2b30b6b1a25a234a9427ddefcf97c1fdfe3530a2f6190f1a974b089d45cb9
 156:A0197423_AIDAN_HERRON:eBVTZN:d7af5b63e34cf0c72982fc96aaec272d
 157:A0197423_AIDAN_HERRON:zCjXPk:648ecdc292b0798b23d45759a93f4f36
 158:A0197423_AIDAN_HERRON:MEYyBw:fdee267eca6d995c6fa23c945bf326560aea6475aaee5df03becd708a6783788
 159:A0197423_AIDAN_HERRON:ChQuyT:2854c01f360648c25ffc8a736c31d768366b171a086a3176197aaca41cfe10a2
 160:A0197423_AIDAN_HERRON:hNUxIZ:9ff7827e5053177ba95af947b8d0e069f5e4afe0530de0ce5d4a66c468d10cc3
 161:A0197423_AIDAN_HERRON:ZrMkPl:953f506599518ea63215df1102295f62db6c54d02654ad84dec393620306cf19
 162:A0197423_AIDAN_HERRON:NuExpH:8e93499e6fb0a9f7ab81cd3f60dfb3cb2f75163536c08c16da646de29df46605
 163:A0197423_AIDAN_HERRON:UzgCFS:a26379904bdca70be3188e75516f378895a535d835ce0abbf4ab0946a40c11a3
 164:A0197423_AIDAN_HERRON:NDwhps:1875ae7db58a367d9c50e8a42af4859adc24758eb6b1dede7e5ec0c64ce77569
 165:A0197423_AIDAN_HERRON:aPUZsM:b966d7d6b906bf2b029f92ef80a0907786f5dfe81d1dec3e752880a9b16be561
 166:A0197423_AIDAN_HERRON:jWCUcT:b1e216a45e22fb4d39e14ad5469f11d7
 167:A0197423_AIDAN_HERRON:uinvtZ:3e8b0d88e4d2c390b4e544440f8a183e
 168:A0197423_AIDAN_HERRON:dwtGjL:bee3cad4bbc9909e1aa57133f59e1fe4
 169:A0197423_AIDAN_HERRON:TdRfEr:69b8d9ad2088205428fdda9c3a5927de
 170:A0197423_AIDAN_HERRON:eNtnaO:35456bae5fbd69223ecd7feaeb3ecad318b89d2c2f8d62842c69400a3fe5af88
 171:A0197423_AIDAN_HERRON:YirNqp:cd2ff26174b126ff61f657c7d12667cd
 172:A0197423_AIDAN_HERRON:QAqxJe:83cc157ce05985447353d275ea7af009e1e71ce6bdd2453bb6ff97f2ffbc2025
 173:A0197423_AIDAN_HERRON:nITWEf:d4449448d798a6a520f809311f76e17834b5e1df9bd3033dd11f9532e8b0131f
 174:A0197423_AIDAN_HERRON:oxQlkI:07834cd4b21c3e99d143efd88bd8150e261f02af490de247fe30d414e1c21fd8
 175:A0197423_AIDAN_HERRON:rUHdyl:d814a5233e1c9dc9a4a1e4f372e7a685
 176:A0197423_AIDAN_HERRON:yqTxtM:ab31abb81bdb9dcf18462a53091005c02d736d451de262eb9423748fe18c217a
 177:A0197423_AIDAN_HERRON:uPcfzW:832d3116cb35ea7169991db972dc098fba364a4cf0e3fc0694a9727837f0f01f
 178:A0197423_AIDAN_HERRON:KeloLW:f0926a8b0277be319ade155a7c52a8d6
 179:A0197423_AIDAN_HERRON:cxplRo:b5db4407ac0f2f2d8facc46f13ca19e2
 180:A0197423_AIDAN_HERRON:DEQbNw:410a8f606e4de41c407eee5cec577b52
 181:A0197423_AIDAN_HERRON:AsSDZU:41052af1d9be9d22255ac7b859371d36
 182:A0197423_AIDAN_HERRON:qfuQwY:307b521ac4ba292b67dc4300822c171e
 183:A0197423_AIDAN_HERRON:mLauxN:0c0f5907904887462091c3ea36a9c891
 184:A0197423_AIDAN_HERRON:WXyGoZ:bd72b5760c48b1816fa0ec562a422a11
 185:A0197423_AIDAN_HERRON:IEUNRp:1d1da73220ef6bed1fd9d07592ff5552343fceebcee85d87102e7f69282663b9
 186:A0197423_AIDAN_HERRON:ajkVox:052cfd07e7f4ce1ea937dba6f1f67586dc893fabb2a2ab135ce2965e59cca966
 187:A0197423_AIDAN_HERRON:cuseUj:158135b4d36e100c517d73e9d147ea7a0cf7b8c934a9a302cb2488c0b65bb122
 188:A0197423_AIDAN_HERRON:jLCYHf:099c6aad351e4ca465f6639caf12c5b6d89885742920cc0f0274c994234bee9a
 189:A0197423_AIDAN_HERRON:ClkKQf:8870218d08e3627fb746b77397d96a11f9c95eb1ded63cd883e5b2b48dd856b1
 190:A0197423_AIDAN_HERRON:XifwRe:7f8c66354df4dd03d9810385224ae15e
 191:A0197423_AIDAN_HERRON:KfvZWo:5a44eba201a7e66876a8f9574677735a
 192:A0197423_AIDAN_HERRON:AbIpfK:b2cde579834b51a896c60e14a0edfa8c
 193:A0197423_AIDAN_HERRON:QDxXIT:5f05e8659dbc8a71486cf3dd821354002b6598583fb9ccdb2f80b6493d3712b7
 194:A0197423_AIDAN_HERRON:fFnsCb:8ca251f06334922af5a0efbe931044a9
 195:A0197423_AIDAN_HERRON:qLbvzA:f2e6994592ad1d4558817d4ed0a944ec7c3ec725bd17c81aaba518eb07547793
 196:A0197423_AIDAN_HERRON:NJuGRs:1e5fd9317055c0ab30fc2abe439f7818294cb89595a2a5f15142e30e73c248a1
 197:A0197423_AIDAN_HERRON:XNlrOc:f17bc383f8ec1cd8806c45f6cbef7f2b
 198:A0197423_AIDAN_HERRON:wapiRv:c6d319680cec18f2c4cabd7912fb7110dca6fc710f74a9f0f7a00316e1cffec0
 199:A0197423_AIDAN_HERRON:sDWvPF:9afd95b5a20f5b504398ea67d4df1ce8be6e1c2c31e527d401be388c1f09f2b7
 200:A0197423_AIDAN_HERRON:idaObX:99bac2a6fab6370e1ed5bcd05e57b3fa
 201:A0197423_AIDAN_HERRON:PLrViR:e4558f9365612543b47b62e14444e148
 202:A0197423_AIDAN_HERRON:dDSUcA:2d40e8042c35de0d4d402b400563c0da
 203:A0197423_AIDAN_HERRON:tXiBna:4a08a5ac35405904913092282e0ecd51
 204:A0197423_AIDAN_HERRON:MgXoUp:e5cc6e5b569629c752f195575da2cdac553a1c9ad70633befd9a7c945556910b
 205:A0197423_AIDAN_HERRON:DoczSw:06022aaa3109a764cd67b871494f80ef195f0e08187f562d54379eb7585f0773
 206:A0197423_AIDAN_HERRON:kzBQjD:9ad1e90565e219495419000432ff835d
 207:A0197423_AIDAN_HERRON:cIlXzK:2043556a9440ba8c6d58479b659bc0d1
 208:A0197423_AIDAN_HERRON:rtIfEW:306b7b69c00b19c39f112f892c802ab0
 209:A0197423_AIDAN_HERRON:TwVZJe:ea25f728b9da83acecdbe131e2a9575fb5fac2802c52a023d845ad3c07ebd94d
 210:A0197423_AIDAN_HERRON:MxQZuI:b7864fb21fa290f20e7efff3153bef79
 211:A0197423_AIDAN_HERRON:VoAdcp:ef5f5ccd69685e4876efabbacf617a5b371fe5eb5d7d568b7d12c8bd63668ad7
 212:A0197423_AIDAN_HERRON:iQmgSd:8a513d353b89c42da75a0a80ab47c053
 213:A0197423_AIDAN_HERRON:PKMZRx:7b0bc9f929dcc29ff37e0d3cd41c6ece4d68c3ef8cbbc36cb0f2ef376bd7ae06
 214:A0197423_AIDAN_HERRON:TzBoyA:f5be526b204487abdb896baccd34d777c5acce072f84d4c53118f7c9cd7c0d96
 215:A0197423_AIDAN_HERRON:SECzks:9a2733ae60d78feffdea648eb73c806be293e069a91bf0148712363370679f03
 216:A0197423_AIDAN_HERRON:mKiSwY:4ed49a6e2ac246134bc7380c19617f6d406ff70422575277dc765cd57fb7f00d
 217:A0197423_AIDAN_HERRON:iZjpRm:fd469e42ee57c20a258ee9b800211d3fffd95ef18e15455444ec12c1c842911b
 218:A0197423_AIDAN_HERRON:UnEoph:d65397c21d209893739dbcce7615c7fa
 219:A0197423_AIDAN_HERRON:diLFGJ:b63f17549eb0cccd96b9609ecf39102d
 220:A0197423_AIDAN_HERRON:etzucR:3b512abc8c6af026979cc44bc7b3ef5a
 221:A0197423_AIDAN_HERRON:jQftyA:237af685f19c48d151081cf592ee6ca4c6e06a7753639b9989415ebf892cf49c
 222:A0197423_AIDAN_HERRON:iSDaBY:ab6ef3b8ad9190dbc56866a199f9a63e
 223:A0197423_AIDAN_HERRON:MXdCSh:28126ecc72628ff39f090b4832fb7e44
 224:A0197423_AIDAN_HERRON:JvnyRp:153cf69041c5ab13c29f127857d8910f
 225:A0197423_AIDAN_HERRON:mKfQDi:37d97293ca3527e65a4be58592e9e9f6
 226:A0197423_AIDAN_HERRON:RKPLjc:c790a5be15a86f0c2a50f1ca13d56a631a1543641068d2868753ef768898c13e
 227:A0197423_AIDAN_HERRON:IgkwtX:5305c8b17a2f733f79d74dd355602131
 228:A0197423_AIDAN_HERRON:kfeCtB:3343ce3bcb74cae721461cea84f79e7d
 229:A0197423_AIDAN_HERRON:tTSvEh:e12e7c1afed169312c3a7d142956455f
 230:A0197423_AIDAN_HERRON:bQiONg:4c432b33281a4f3bf1a1557c8b13db0e
 231:A0197423_AIDAN_HERRON:SiHouE:9c44933edcae34bbc864af3214026f17
 232:A0197423_AIDAN_HERRON:bquNFe:61e6f1d1eabc0c5e800fd88f84689847
 233:A0197423_AIDAN_HERRON:GOaqcW:c4833004e8c63c6d7f4afeec3dffbcc0
 234:A0197423_AIDAN_HERRON:SchxKN:eec13809300dfb955df41eae7c491a7f8f85910e8be5ff1736d874a408a853bb
 235:A0197423_AIDAN_HERRON:YokweB:0261f3706657ba212cab7c9510f5b6c52c22a06a84a7241ad4db27c79cf73ab4
 236:A0197423_AIDAN_HERRON:qhOxny:25e160efb63750930d53d49825bf37d10d5a978760b0b0677075502fae658bef
 237:A0197423_AIDAN_HERRON:lbVQig:02c228df95edeac1e5915f3a519e0d9a
 238:A0197423_AIDAN_HERRON:HgOumA:d00e70db05ee3238665148f2cc9607bc5273243d06e2e11368e9b2b59658daa6
 239:A0197423_AIDAN_HERRON:pWYCNl:33428b3a395df1857a8088301219f2da
 240:A0197423_AIDAN_HERRON:jLTKVa:87d8db356ee950dd61adf3ad303e59e4
 241:A0197423_AIDAN_HERRON:xkBGnT:b4afdd9e0e2d9a1bc011ac51233b0ce8
 242:A0197423_AIDAN_HERRON:QReqxJ:d15e2087323aeda78caae17063aed978
 243:A0197423_AIDAN_HERRON:nlYOXJ:b335d11b1548c81896023d5f4cd93dac
 244:A0197423_AIDAN_HERRON:XcjDEY:5459c5491ed1dd665df5db2903efa8b1
 245:A0197423_AIDAN_HERRON:zUnmDR:da2b8c6372520091efafc955bc87f0ea
 246:A0197423_AIDAN_HERRON:pBqIkc:ae3f7a83b11d76cee9f59cb7132c2d5b
 247:A0197423_AIDAN_HERRON:zBGDyr:38f3a36407dc8b9ca525be16122b4561
 248:A0197423_AIDAN_HERRON:pZKqTN:7f7e58710a2b305ea9f6537e332000e062419de7b7096bd575764d8e24010ccd
 249:A0197423_AIDAN_HERRON:oTQiRt:0e550b2a2ae3694851537fe14caf99fce830f48ab3386273cc4c8b0464e88f95
 250:A0197423_AIDAN_HERRON:XBkmxK:1c80d8f75338fcf881533eeea3fcd0d4
 251:A0197423_AIDAN_HERRON:YqavpX:c0cf93ba6d2cd814dac723fca6a04426
 252:A0197423_AIDAN_HERRON:XzoDUk:61e82b51c1b6179790b89b17e9ee64244e5f10f3e4a74cea5f939eda2104780e
 253:A0197423_AIDAN_HERRON:epiFfQ:e07db60e43054f006603df2bbce18563
 254:A0197423_AIDAN_HERRON:WJnFNl:0e8a23e7eccac25dd9dc06a633fa9f5d
 255:A0197423_AIDAN_HERRON:RKsLEQ:46013c5f3c0ecde0624b0b631f273679cf2018f29d23cb72352cfc00128c83bf
 256:A0197423_AIDAN_HERRON:VmKJgM:01c6cc8b34ec4c54c8e837932e8b35ae5f67d10b949eac3dffaaa08c9284c1af
 257:A0197423_AIDAN_HERRON:jGRebO:cd314020c28b61b9284ee0befd09968e
 258:A0197423_AIDAN_HERRON:XgMCsJ:e81b073dbb8d37b38a38ad6328927564f46ed1a20d87a2cb83d7c53364d1cc45
 259:A0197423_AIDAN_HERRON:xldFVD:c508a89b868081f1056651256a292b13e5441fe36bc28fcea7a53c1baf4b6c45
 260:A0197423_AIDAN_HERRON:cytnZA:c3ffe9f89457f3a6f45bd0ebc536fe6d6fa0b53ce1cb0d16fbabc344d13ab608
 261:A0197423_AIDAN_HERRON:BbgevU:9d63b64ccfdd184b906b0c5f6a331f2c1c265dd4c878ba91932082f4e60b4e58
 262:A0197423_AIDAN_HERRON:OWeAtU:1e28afab36621bf525a4c59ace4ecca21caafe724d2b56b329118206b9926bda
 263:A0197423_AIDAN_HERRON:skbwDJ:8d5ecdee7dfd3f7e0af60e466bc7f9f0
 264:A0197423_AIDAN_HERRON:doBZAE:eaa8922b8606626041aa52b1008659a8b143c27a8c8fa081af12e8835f0b55c2
 265:A0197423_AIDAN_HERRON:omTOJV:35cdec67d1f49a069d3ba1c81ceaef935cce7d3a6fd0da6ff3f0f69944d545fc
 266:A0197423_AIDAN_HERRON:RIcMPt:a7a1e1e4cadce1c5658e7efce54191314f4f576cc15edd8874f3929c0085022f
 267:A0197423_AIDAN_HERRON:qbnKoh:913b3c767f16eeae43772d86838f8d28
 268:A0197423_AIDAN_HERRON:pJtejF:9aa2123148cef4698d3ba26bdc4e110a
 269:A0197423_AIDAN_HERRON:fpnVON:08c4ab7f68b5fa9c5912990b21a88a7d
 270:A0197423_AIDAN_HERRON:lNBYjZ:332980fb621a865a3d62ea2a307a2019
 271:A0197423_AIDAN_HERRON:hUeoFu:e0b40f9391150ad07a2fe3e12022cd17d83db84d883a193e682d50fc8f54066e
 272:A0197423_AIDAN_HERRON:wWdeqG:635cb2fbfadc63da38178a1c7a8cfcd7d9b900f2ddd89b6ed2025f4c5414ae79
 273:A0197423_AIDAN_HERRON:MkQOiU:e5fd9e31019f245f40d0e957f2662990
 274:A0197423_AIDAN_HERRON:bBVnml:b5f72aa2ecb60b6a8556903f0b25b19b10823135a392c1378260d171145188b2
 275:A0197423_AIDAN_HERRON:vgksQY:9150a6e6fbb7e90c80f75ae4fb18daca765e9bd0317cd04bb88fac4b0b656f48
 276:A0197423_AIDAN_HERRON:Cxudrz:e86d08fb5fe84d4ab1a810ac538ca3e3a8e6b81af329b067e43547088169402a
 277:A0197423_AIDAN_HERRON:yNuJPY:6644273b24589bb7887c8ed9e72286b6
 278:A0197423_AIDAN_HERRON:nyFDeB:34c1839b3c331261013764d066b40094
 279:A0197423_AIDAN_HERRON:sYDZhg:64c434643c3e9dcd1cf433b6249d9da0
 280:A0197423_AIDAN_HERRON:vtVnfY:74e922878392dd6376d8a5754132d18170338231e5e9f7eb8c2be4e887435d77
 281:A0197423_AIDAN_HERRON:hbcopN:77b5cad0269bcd9c9c2c349309b0e9261c3a7c9d03d6f9e2a937a13efd3dc04d
 282:A0197423_AIDAN_HERRON:JShMxC:f0cf89c064a265320c4eb57bf8678ce9
 283:A0197423_AIDAN_HERRON:fmAKTq:80655038dc1ac35259e53d0afa75aa0ee3edbc9a62671fb18ea785a422ef9808
 284:A0197423_AIDAN_HERRON:VMKbWA:b3f15a11657be5ead66f75c669860f9761d417be90163ad4d0c551cf000b98b1
 285:A0197423_AIDAN_HERRON:pJNOmA:5a9244da20795e39188043c24ee935d468b2df1f2eab2e9c72956234b80f983a
 286:A0197423_AIDAN_HERRON:riuFoX:0f1daf5db8553c64aa1cd260e6f87cc9
 287:A0197423_AIDAN_HERRON:JWQPFk:bcb5cc971e0d0a0ba2c1181c58da67ea
 288:A0197423_AIDAN_HERRON:LUFDGb:074b573ad404a3ba270164e5319b4942
 289:A0197423_AIDAN_HERRON:ATpSzo:78192c24a930674bedd7fbc2bd559c5d
 290:A0197423_AIDAN_HERRON:aiSXml:565dd15055129f14d6fd3813abf97c49d98850599cbe57b37e4ec5bdb8ec1337
 291:A0197423_AIDAN_HERRON:uOKsbX:7401d808d79b5508758dcad79cb22b6127c7da35c5bd0074b00977b8ff2b29d4
 292:A0197423_AIDAN_HERRON:pcyTzs:a4804defecf9503a59fcbc118a8270db
 293:A0197423_AIDAN_HERRON:lZXHBn:f886faf9625ff71e8333ca1b93b087a2
 294:A0197423_AIDAN_HERRON:DYPrao:e2cba4e1a2f18dfa6a084fdda41c8ac0640ce94d695ba184f694da53bea6ab12
 295:A0197423_AIDAN_HERRON:yQNPHa:3b92aa105124f8560604b2d1644a207d
 296:A0197423_AIDAN_HERRON:IqdYvW:2ed2f149bbf41f3e8e47072167df831a
 297:A0197423_AIDAN_HERRON:qwdtPu:994d4f7e6c3ebdfbf4ddef739fdccff8
 298:A0197423_AIDAN_HERRON:QiwXCa:d12848c70c596c2f22c25ed9135f45cd90691efc2074830a296ffa00c2b05640
 299:A0197423_AIDAN_HERRON:eljXgd:c8d1a3faaf0c532cee536822fde86667
 300:A0197423_AIDAN_HERRON:ochkLA:4cd62b555c3c267751d05bebd8578e1a
 301:A0197423_AIDAN_HERRON:ZJTILs:17d3da55c92b446eeb2c02fd19433037
 302:A0197423_AIDAN_HERRON:EvgQoY:792b6ad35505eab828a7e9a7340af55d2d0e96e59a21b73a957f4ef1f9edc026
 303:A0197423_AIDAN_HERRON:DxQiCa:7f0c52be8534761a2de7938744f615dd
 304:A0197423_AIDAN_HERRON:UilrVw:efbb546e596deb2453d97de36d55669b
 305:A0197423_AIDAN_HERRON:aNRrIs:419a47c0bde5b2ce1c60b4e7f7afceb9
 306:A0197423_AIDAN_HERRON:zbsGlZ:29766cd3dff0e425a1da256016a83e1b14078c329b7a83247eaf30396da1ee45
 307:A0197423_AIDAN_HERRON:BolLRg:14314e0463e453892c7005195ce89a50
 308:A0197423_AIDAN_HERRON:MZXHmh:51dead7c082aa1ca219598a74df04e06
 309:A0197423_AIDAN_HERRON:BLWmnG:51762bbe8ddc55e3058a4ef9ab579db50a43826fd7d0ce1466858263fdb137c2
 310:A0197423_AIDAN_HERRON:KudJHw:546d2df612ce8792b3f8686cbbb1a202
 311:A0197423_AIDAN_HERRON:UVXrLa:cbcf7636ae9078fababd9aa5bb0223f4
 312:A0197423_AIDAN_HERRON:SmcKFT:7a8e72cf233ff89f0db76a5e17fae7c6
 313:A0197423_AIDAN_HERRON:kzGYxA:0d0f966310fd1b5dadc9e6ba7fff9a42cbfc4839a6b758d5e918ae90589719ef
 314:A0197423_AIDAN_HERRON:pmGOKx:d2404704c3faa7e2105916099e17ac4187900cc9bd5c774c1da27cf89743d63c
 315:A0197423_AIDAN_HERRON:ROqXaC:73c421f9385e4c7f43251430d2db16a5
 316:A0197423_AIDAN_HERRON:HusiFf:dcf68a3fa9a0ba585804105ab176d374
 317:A0197423_AIDAN_HERRON:AFTtUL:cc121d38584bbe5af625e3c3a0be743c
 318:A0197423_AIDAN_HERRON:iIDSPv:25a4198f1d40abe9760105013b02fd6dca9c942e747e61680ae8e1c946d4ef40
 319:A0197423_AIDAN_HERRON:xTDPsH:81b263fdd23ed4bc759e451c870d63d5799f1d59a42f580ee92bacc49c7c3277
 320:A0197423_AIDAN_HERRON:CPEZGt:5b1d90fd8c71dd08a4ab5b24697adc57
 321:A0197423_AIDAN_HERRON:hoFdJy:057dc5e1e5f8de9c953ee71d0784750f9b7318b906ceb8568a9c2ce6a2118377
 322:A0197423_AIDAN_HERRON:BsFtSa:13fa74735698aa4b3c10330575b77c77
 323:A0197423_AIDAN_HERRON:FsorYv:5d8305efd36d062ff6c2ad8315912192bd724b933769e2255941fc71d805188f
 324:A0197423_AIDAN_HERRON:pqyHfj:c53e0998a52bfee80a6ec0e65e5a552c
 325:A0197423_AIDAN_HERRON:RzbtFU:bf5d50680b7cac2b0b6df4b97ec6a1a5
 326:A0197423_AIDAN_HERRON:wyejTI:7fdaacb93d8a8d3ae89c345ebda338df3c6929c0e3685dc1e2b941e2dd2b5e15
 327:A0197423_AIDAN_HERRON:CRagxV:ee4f7153c6ba5ee4a77ad500d643915a
 328:A0197423_AIDAN_HERRON:CLixcb:a9ad012880978c2c8e0114269951e3b55c51bdd781da90393baae89ae37ca381
 329:A0197423_AIDAN_HERRON:HJKjcf:aafd457da71d874d443b6636ba993ef181094078c27b758c13c0c9e6d21f5252
 330:A0197423_AIDAN_HERRON:RufBDw:13c581f23b319a474951b897022f45f31d579900635b2ae4a77d50d550635eeb
 331:A0197423_AIDAN_HERRON:MoFwir:28874f6016298f48d20249c5cbd18c7e820c5726554bf9b08134f62341026eca
 332:A0197423_AIDAN_HERRON:hePcnK:7f6864417884308180e4b7fcd33eb1983d256e25caf7601dd2f552716389a57d
 333:A0197423_AIDAN_HERRON:IBwdOR:d2cbc5eab12d670ac4650a01325fe4bf5be80e90793bc94c81d017a184ecc574
 334:A0197423_AIDAN_HERRON:FOGPgD:1081c3672706e14fbf1e8e16a3a3b312da2dc75bb9a49182fcf062400d598bed
 335:A0197423_AIDAN_HERRON:UmafKv:3c1fceea32565f0f8778eface1f0315d5ed2c1c7aa1b9bc3dc2d52f324390c0e
 336:A0197423_AIDAN_HERRON:TPlshM:4148ca0acac797cda072f43f4aaa8a10
 337:A0197423_AIDAN_HERRON:NfcKRM:77a15626f369d779260563c840bde03d
 338:A0197423_AIDAN_HERRON:wygqNs:be20e03637b2fdafa85c92905ed4785f
 339:A0197423_AIDAN_HERRON:MWkaLe:b8ff29ae5d7ff7fd74861c0c294149c1
 340:A0197423_AIDAN_HERRON:jSAtBK:6ba2561adccb47d685f84412559de99c
 341:A0197423_AIDAN_HERRON:IiytzP:b04518974f9a4746c5da551da872c6a9070d4fe32c92e06438f3f40d9ea74d05
 342:A0197423_AIDAN_HERRON:SbMNtA:0df5ee64dd3cd122571aca2f0375155f
 343:A0197423_AIDAN_HERRON:dNyfcM:e48ca56aa2a6154030770dd8f28cca8f
 344:A0197423_AIDAN_HERRON:dMnkBI:1f0e6a2807fcd38b12e5c821e9694b77843a1caea9ba150fc5849a9f8b5e81b9
 345:A0197423_AIDAN_HERRON:kdnPZF:47e236fa127d51a70ca3448a5bb5bba0
 346:A0197423_AIDAN_HERRON:ksErnL:335b0bd3e3faac068dcafaa87f9990304c74aeb36cb575634908d0113eee2a0e
 347:A0197423_AIDAN_HERRON:jUKJxa:1dc8b3eac25b105fccb2cd9a195c8228
 348:A0197423_AIDAN_HERRON:jpXkBF:f7ca006b384daa7303fd29085b672aaf
 349:A0197423_AIDAN_HERRON:gRAYHr:4cb368c68d2e004af355d54be812be656bdfb73916facc1a29a410fb339afc41
 350:A0197423_AIDAN_HERRON:ZryqOe:077ca93fd8fac63ea4f4bf0c0a6e0bac
 351:A0197423_AIDAN_HERRON:wBhsiF:ddfa11f5ce1a2ed9155d8f00ddc8a06bbe631a89717182e101c678992050ec17
 352:A0197423_AIDAN_HERRON:kLjyem:0cd7ba093f183038ae2fd0e6eae4c08853ba50433518d3b6e51d6ecb3045932a
 353:A0197423_AIDAN_HERRON:haCTOK:28e854e7af7ade36bb042d4a34d9e012
 354:A0197423_AIDAN_HERRON:crMSDU:9ae8aeb42e393a36e866d3ea89d90a13
 355:A0197423_AIDAN_HERRON:AtqXRU:a859086ad311c963dfcf835072fec360
 356:A0197423_AIDAN_HERRON:mCspog:163ea749f1274bf48fd62b2992bb0a23
 357:A0197423_AIDAN_HERRON:BpFLza:e4326c8bf409087bd8eaecb1cb3cb1b0f7162cd72db89f995c5811824bbf46b2
 358:A0197423_AIDAN_HERRON:eXvrOM:a1d7aa05900d88370814ebed9b76855fb590944aef27758682af781fb70989eb
 359:A0197423_AIDAN_HERRON:sKbIWa:28b29294b825a464a5f0ea7305a5b719
 360:A0197423_AIDAN_HERRON:mdlHTP:159dcd8841fcb3ec358e8c86483d83aeb8603f8648d3c7f885ffb9c07eb15581
 361:A0197423_AIDAN_HERRON:KVehsS:63cefc3103b480be3952336b71632138690cf129dc9c938b26679fe29a548f9d
 362:A0197423_AIDAN_HERRON:NwPLZx:26aa688ad7087978ae975ddf3ef4a9a46e0b95bec3bd132aaac81a63c269802a
 363:A0197423_AIDAN_HERRON:ZJcSEP:bdf606b6a034b3f20f6ece41a30c35398123429eae330a57f96151e288ddf5fe
 364:A0197423_AIDAN_HERRON:wJhZgu:1439d027dcde187ef7f23e930ae0b18a
 365:A0197423_AIDAN_HERRON:ubzFTI:6be41f59e37439bed474dffbf0b1013f
 366:A0197423_AIDAN_HERRON:luRdeM:85ac950d30bd996a250cdb3901b13f231da603fe18c896d16ec9ce518bcd1a1f
 367:A0197423_AIDAN_HERRON:OwfEdp:471a61ff369bab9069721ca9d1314137
 368:A0197423_AIDAN_HERRON:jGZgUz:ccc014f02e3fb50243a3c765d2c6f4c43251d40a9c5e1e5d7c45ba5945615a50
 369:A0197423_AIDAN_HERRON:CXhmEF:1b504ea702cc7fcfabe09cbe82f9e330f2e69f150d011de54d5f9f57fc535883
 370:A0197423_AIDAN_HERRON:qHclBJ:1e220bbce289d4e7792e76ee6edb8912
 371:A0197423_AIDAN_HERRON:WDZgeT:30503ebb70ca2d349c79d2c7ee7d7a1261b8f8cbb21b56b26d3e4b70ac8ec5f7
 372:A0197423_AIDAN_HERRON:KoivLh:03a0edd03bc57eaabc672a661aaa810d94742f8adcf891dd2736a03ef323a450
 373:A0197423_AIDAN_HERRON:OWkoYR:3b62ac0c1f98b6a2cddcb3959b7347606da8b9215677f5dbdf6b80594eca8f94
 374:A0197423_AIDAN_HERRON:WYUVbs:c4e57ee630b641d2f205667340fdb3c5f30cec829282e70c774b8f192e197455
 375:A0197423_AIDAN_HERRON:ZlMEcL:61a526d86d6e86114e786e69d8481cef042a38ce28ba7c7f54211d3c2bac6444
 376:A0197423_AIDAN_HERRON:LJhlPp:b017d9bb8888f28ba0aa93d1fe763f20
 377:A0197423_AIDAN_HERRON:fEqxzv:3317b7f081744462debe9f660fc63837
 378:A0197423_AIDAN_HERRON:ecsEpR:a693583baa51bee6ee327fb27f3054b1218be9cdb58e9e5e6bbfb63d558ed1b3
 379:A0197423_AIDAN_HERRON:xKYPyn:9f946c4f0484c5900770a9d03417d461
 380:A0197423_AIDAN_HERRON:dHaksV:f2bc9d879de20376760d422c39b5d433a70cd8008b054a2643080b672ea1146b
 381:A0197423_AIDAN_HERRON:ZFsXwL:96f0a8b1392faebe98cf19572df356dc
 382:A0197423_AIDAN_HERRON:zBYIKg:3ad855b70be8b10db2df609ef9a4cfaa
 383:A0197423_AIDAN_HERRON:LSGCHQ:d9053c32f921a225dc89b943325a86713e0d2944f8bf7ff94731b2efc3e19082
 384:A0197423_AIDAN_HERRON:hFQNVS:14576c0e5a4660d299b55ba2d4625e3d
 385:A0197423_AIDAN_HERRON:EcruZg:340e3b0dda61d24c4a346bc37f9a0c90
 386:A0197423_AIDAN_HERRON:mxkQzq:2adc91a87374d5946811b728fa77e1030f6a52820a1bff915f55e69ebc58b6a0
 387:A0197423_AIDAN_HERRON:vwYPKH:438dcfb408724af3948328fcf6492535
 388:A0197423_AIDAN_HERRON:XyhrsI:ce10d1af4d55738d5f747c16abb70c467d3bd6a5ac4032095af29d8a224fd2ec
 389:A0197423_AIDAN_HERRON:DZeHKr:0ba7bfe56754bb1dedb86eb6e0ce8d05f9cf584ca6b429c2384d94a75037341e
 390:A0197423_AIDAN_HERRON:VFEJKP:036ae5297a763010a81ec3f603ec76881129885c9d3c4c92f5115b94874d4448
 391:A0197423_AIDAN_HERRON:BHZzbn:618ee3ffd22314eb4c2a5f93f4c09cd5
 392:A0197423_AIDAN_HERRON:nBzjyL:6afd03a945ef2a976afac9df248bba5e
 393:A0197423_AIDAN_HERRON:RWaxyG:758d6a1123a64f23042c2ed45d9381cd9881c537534f2c28b27efabb69007d0a
 394:A0197423_AIDAN_HERRON:yTWVEU:bb0ba649d2b337a94db5b50ee2d4d28b96cab9171a8196c0e93aaab6994de3a2
 395:A0197423_AIDAN_HERRON:WaSnGk:d2fd1dde5e0c3cc0e0ad2f4c0227330c
 396:A0197423_AIDAN_HERRON:RVjKwq:c7d6e948906e6b4279944b3fe35d6b96
 397:A0197423_AIDAN_HERRON:xBYPKc:12b53e57b2dbb417f11fdfc8111b9d37
 398:A0197423_AIDAN_HERRON:OTgQUw:f53d3e58a3a362ad55e1f615a3b29f9e
 399:A0197423_AIDAN_HERRON:XyUTcq:4c22e8c8ee536c94990b0e12ba7d20d1
 400:A0197423_AIDAN_HERRON:EKsakB:a8285ca0c48c3609f9f03ae0473d133bb08b476c300e16dd1c616ff11190c9d6
 401:A0197423_AIDAN_HERRON:LIKqmB:61a4772da859a66ca618d018a2b5344e
 402:A0197423_AIDAN_HERRON:MPqlJv:1fb3c54a27dfdb8b1ddb95220c6b1b6e
 403:A0197423_AIDAN_HERRON:uPSmbq:b5ab1de1d4ba59e17afcd6d75c2be3d9
 404:A0197423_AIDAN_HERRON:sJvlQK:a9e398eb3f53d46fb8194bb19aafd0d6
 405:A0197423_AIDAN_HERRON:phjfFI:82e41e87555b2c94d1cb8f17357e4621
 406:A0197423_AIDAN_HERRON:sTiAdD:ee52ebc523b2d9f7f644817df5736ed4
 407:A0197423_AIDAN_HERRON:irJKwv:062ec765e99a004346e5fcb4940e94b2
 408:A0197423_AIDAN_HERRON:rxwysV:6fc5ce8cf22904d76b79c0681d819f9d
 409:A0197423_AIDAN_HERRON:FEIMxl:c555995bd9301c899eadccaa2814bfa5c1a0034a8dab7eea5193b155870f8f95
 410:A0197423_AIDAN_HERRON:KuBrhe:625d57b0558552ff11204db4c13e8345
 411:A0197423_AIDAN_HERRON:xWGLCY:8bdd4556a566672010a2e58724d04c25
 412:A0197423_AIDAN_HERRON:TreAJY:5ec616a32e16f75b87bc7aa35eb2958556ba286aecc8c0f6a46a5504677dc5e3
 413:A0197423_AIDAN_HERRON:aBKGxy:5068640be00e3df2c253b66f329e4255
 414:A0197423_AIDAN_HERRON:DiKhtm:a6bf14bb6a34b43998beb8a27bbe806d7cd41bd56a5844a3af90fe6cefbc9261
 415:A0197423_AIDAN_HERRON:fuODGq:5c32ed958633c9e5b44238f074ce625e
 416:A0197423_AIDAN_HERRON:JWSmnb:0c876a7710328cd6c7ab9c4b004c2227
 417:A0197423_AIDAN_HERRON:MUIJXt:d660fbcbdcdaf959f0b910b975dbaa40f7bb87b452ae2778587938bbe4bbe327
 418:A0197423_AIDAN_HERRON:xBbWKk:0c08c74afa5df0d48765f1c76e9cdc73c00b33364b89d145b0319cc373e109af
 419:A0197423_AIDAN_HERRON:cHgptQ:949c16025f0f99ee8a737cb9f87a98863d38496b8819866076c70202a4660946
 420:A0197423_AIDAN_HERRON:hCsnJz:47d6d5227369c63b2fb99ee0cdda040d
 421:A0197423_AIDAN_HERRON:NxevQz:ffa7b8127af2320f62de2ae5af86abbe34ec4915ba5a593eb16676d1447f5d06
 422:A0197423_AIDAN_HERRON:KwSRCF:4e1c26529cecbef802ca67ba1566d75d7d6966c3cbc292d37bf7f77b2cc022df
 423:A0197423_AIDAN_HERRON:cibQdG:223e015088456f259d00c43f0df82370
 424:A0197423_AIDAN_HERRON:AFdiIh:e0061935c5818b7be639692c3fde2532b515d0b2bd54bded2fa3bba0b0c42327
 425:A0197423_AIDAN_HERRON:RhYFEW:0af1aba46c679728cc7f155510f2163d
 426:A0197423_AIDAN_HERRON:KlwOcF:582cabb602ba6f3cdc0706a0ddfee77dd34a2f7db2bbe7c4a3a915ca4a216142
 427:A0197423_AIDAN_HERRON:RdjlJY:9fdc6ac79a9bc769a8c76d02979390f2401f479640d1648caa2218e40aa71302
 428:A0197423_AIDAN_HERRON:Zkqnxt:4df0eaf8096223724b056b815ef9973d8974e6e0be07798bcff113079c4fddce
 429:A0197423_AIDAN_HERRON:HPwxms:b2c682512da2c11f35ea89eb7fa0e186
 430:A0197423_AIDAN_HERRON:uivqnr:e7e178518893154b97eb663fd2c4dc70b87e51a689a2b5a0fd7b471aad14abc1
 431:A0197423_AIDAN_HERRON:VLdpas:f7aa88e4f02c141d91e603ecd89355da
 432:A0197423_AIDAN_HERRON:XnbBLZ:8bab6c4cfbb0b28d5ac06c0733a4e9d7ffc28aa285395bf507f23e54436c44ee
 433:A0197423_AIDAN_HERRON:gxPotL:d3c9f12119fb45f3d91497b95b318ffe
 434:A0197423_AIDAN_HERRON:CHfRiG:50a64238c46282a3c876c29e0bafcdcf06fdc731e039ff10f2219d8c9aebb281
 435:A0197423_AIDAN_HERRON:kCsuFG:316c5f6dbdaea337f679c3bf2fd1a639
 436:A0197423_AIDAN_HERRON:ZdJkCW:f0096b8c36b36fbd0ca02e52e73fa4f8fb746f16ef2e97f8473e6fecf902f11a
 437:A0197423_AIDAN_HERRON:USMYuZ:f64a5dd673e69af10e40748d6d385f89
 438:A0197423_AIDAN_HERRON:nBhYfX:d5cc891a5c1213791827e84ecdcadc9d
 439:A0197423_AIDAN_HERRON:wDrCyi:09d9d6ff8960af100aea9c88bc26d68217c13ce1d99555a8178f04c2d16f02c9
 440:A0197423_AIDAN_HERRON:QPKubq:61852f8840d13939fe478976c2171934
 441:A0197423_AIDAN_HERRON:pKHvQn:02eb509f15a987044028d542c517aaef
 442:A0197423_AIDAN_HERRON:mqOenz:d2fecb9d7f22e51200c80066b3862bf05faa8a4271dcda8f0a1a82943387fd83
 443:A0197423_AIDAN_HERRON:PczAqR:4966d5d9b3459f3e12d66701a2c0749328afa93262d47dc0360f02b378f13ad2
 444:A0197423_AIDAN_HERRON:HlbLQY:827d0c80d0af723c424960cb674b4288
 445:A0197423_AIDAN_HERRON:WJlEAj:394d546954ebf0e4d433275c985701d549b61b8e64c12d1724241d5f1d5c11fc
 446:A0197423_AIDAN_HERRON:ftzNYn:f1d0798bbc4c388c4a9e0130e2e2dc9766a4fa891802ec40ff837a85948986d2
 447:A0197423_AIDAN_HERRON:FWTQmj:4674e16de49dd3ec0858e2521e1737ca
 448:A0197423_AIDAN_HERRON:sgVWEo:c34b1f6f1ba51897ba1443eeea4fbe4e
 449:A0197423_AIDAN_HERRON:cAzWDB:f8a9c0ca1d439e3e037026856f360518a612e78c0b819105114e289bd83ea843
 450:A0197423_AIDAN_HERRON:jaPAem:332a37793b602d3044858b7ff6f5e3e7
 451:A0197423_AIDAN_HERRON:AHSOzJ:6f88ec3fe87e7c052c9bec6dd2ddaadc
 452:A0197423_AIDAN_HERRON:bYmvsO:9cd1b7908a78a4c27408f3e77e6cec85a556b913425210bb5d3a93f4f8b654d9
 453:A0197423_AIDAN_HERRON:rtwSUR:78885e41387775945b5eb6c3a71da245
 454:A0197423_AIDAN_HERRON:fvBXDj:03d6c28f8f09ab47520a34f401d2010d
 455:A0197423_AIDAN_HERRON:YfKNOj:a9b70e2d8dce2a4f47d12653bc5db927
 456:A0197423_AIDAN_HERRON:purtXS:e7c0455a778ea7f5bd2caeb420810f42
 457:A0197423_AIDAN_HERRON:emRJHr:55ab23104cf6a2098c0cfda5754a259c
 458:A0197423_AIDAN_HERRON:dIeojW:676716d5810c409821c64f78384bee46
 459:A0197423_AIDAN_HERRON:argiAS:7b22da12d53481adfc99a76ee17c7f69
 460:A0197423_AIDAN_HERRON:DOsuMx:d6ac64d5678eb54c54ab6ffc8ca7f6a2183f9f7daa68f41604c8caa1101c2078
 461:A0197423_AIDAN_HERRON:LBjisX:cbf186e8a7d314ad8a2f9c8a1073c6ff
 462:A0197423_AIDAN_HERRON:milZMV:a392982cb229a36ad496d6995d713420
 463:A0197423_AIDAN_HERRON:Jphzli:d9da98898ebba9f0c9e93a852300c2a1279ed1a17a283db8d304293f35b2a0ce
 464:A0197423_AIDAN_HERRON:lQVpPJ:7ba30243cc31812b59ba52eb2694b2c7
 465:A0197423_AIDAN_HERRON:cpFhLt:ef892c3f4813553400e08190ff428e4542977dd74fdabad260b575a7b326df29
 466:A0197423_AIDAN_HERRON:wOEZMr:c82eefbb120d0ee2383bddd7a51c4a43
 467:A0197423_AIDAN_HERRON:spuavq:3a952104980d8fcc99e5502356ad62c4
 468:A0197423_AIDAN_HERRON:jBDecM:8a905532ad86f89a5aeff0bf7ba754fac8ab533cd6bf0a03ed86302bb688a1b6
 469:A0197423_AIDAN_HERRON:bpJEsB:a69bf38d4be4b0f63335ff68b25b5f3efd434291dcc2c56d910694789a82ede4
 470:A0197423_AIDAN_HERRON:DuNweL:7556c3108b832ba8d8e517682342476da6fa48a03747a49dcd1f55d622799b47
 471:A0197423_AIDAN_HERRON:XIcVEj:06dbce64e9d8ebe0725cf75723a3a90e
 472:A0197423_AIDAN_HERRON:WnZJwc:0805f89ed9a1a9c5f9b0b981b46ab6d4
 473:A0197423_AIDAN_HERRON:TQisBO:b37fef2e12728219f04beb0851176b03051d48e3c373711b40a0fdc3b5b734e1
 474:A0197423_AIDAN_HERRON:VgKHnk:bc91452e0105803601c84653a4ec7e65
 475:A0197423_AIDAN_HERRON:WhSeqK:1949ce650ccfd5d9b6f4e1078ce5ab626d8911cd94136e3b0d57654bd0c37e3a
 476:A0197423_AIDAN_HERRON:CLPJZK:b3e3cdaf4e3b38044311be2f95f11b56facd257e90d57597a2ef4f61aeb19463
 477:A0197423_AIDAN_HERRON:aYWETg:e0c5ac3ce5a962bc46bfdde9c08b72dc96118a94fc8693c950d115bf7daceb09
 478:A0197423_AIDAN_HERRON:BdfHNy:6cc52381dcfb91e252004e96d6ea892e1a3a3f01cc3595e3df3d94d564540c27
 479:A0197423_AIDAN_HERRON:bQeTaI:de14285fa973feb126a226b9e3d66b22
 480:A0197423_AIDAN_HERRON:PUMyYd:d32c24a6c65ac503f6e006ce662df70d017b9f5d4c25f58ff24f7684ea4a2aaa
 481:A0197423_AIDAN_HERRON:LYmMDV:f3cc4231c305229ce84e698748010697
 482:A0197423_AIDAN_HERRON:mSIqUW:e01e595f9172b1bbdac8f54090ecbfabb905ce58d5ce46bb8b67d584fe48d744
 483:A0197423_AIDAN_HERRON:dSuFTN:b1907d9d902a53b2945542fc12aa94d5888d91b0cc33e93971a7692847e4b73d
 484:A0197423_AIDAN_HERRON:GBLlki:e80a1425a15191ec04656355e9256a98c12192b550215d662f4f3565ea6e9db4
 485:A0197423_AIDAN_HERRON:fOxpzG:70327e389d03add5cf767ff285c959cc
 486:A0197423_AIDAN_HERRON:yjDdzp:1f9701b26b89d44a472c184dea78509aa6eab4bf7ee30c273df7ef7ac886ae81
 487:A0197423_AIDAN_HERRON:YtrIGb:347a3eb77a0fb6ca364b7f82b709422a7588630c68988bdd423792f8399642e7
 488:A0197423_AIDAN_HERRON:NDvISP:0ea4c2c5f8c2279504acbafd3207b1b2
 489:A0197423_AIDAN_HERRON:fMAtzB:b1f982a9fde42f8cb0eeb953b6a02172
 490:A0197423_AIDAN_HERRON:FfkMKT:c20faeeeeadfcef5a3e12ac0e5836f04514b15dc481a4515ca9396380fbb318a
 491:A0197423_AIDAN_HERRON:LHzUPi:73e8904f9051cec0330fbf1f99190e7ad0bbd13a90514cc20f27491d0ac8af78
 492:A0197423_AIDAN_HERRON:FSVBqQ:8972902952e568eabe6503be1e38436ee35b34f026997e02b924ef2871088b4c
 493:A0197423_AIDAN_HERRON:tZGgdb:56680aa4de7c92136298b23c9cc7b2cfa16f1c20d3b8095bf5fe848e5da6dc89
 494:A0197423_AIDAN_HERRON:zXDqte:f74521f64aaa0303c6074eb7d42e883c9deeb5c0226b540763e861bbcc83fa69
 495:A0197423_AIDAN_HERRON:jkbAXO:92a47ec571f8506ee8cb6799858208c7
 496:A0197423_AIDAN_HERRON:oCeZRx:279e073a7cbded1ebf809fa278b30aaaab036e1e59ac07285896ef05f8b73c59
 497:A0197423_AIDAN_HERRON:euWyvm:00ebe2453bfecc39e38c12e49a943de2
 498:A0197423_AIDAN_HERRON:zEdWOM:27ec9ab06268fc3e72840877ce18dcf1
 499:A0197423_AIDAN_HERRON:kaLUdf:af824564ac02551c7c87bb5e3e723ab0fdb6a9e5c22e9af538c42b9487442af3
 500:A0197423_AIDAN_HERRON:WEqbNp:e5b6b522c312ff018c17bc39b5622d651463c510bf1418d47477cfd3a9b3f381
