 196:Abomination#20010901
 369:Absolutisma!20010728
  46:Aqstentiona@20031119
 356:Acceptancea@20112003
 229:Achievement!08102002
 437:Accountinga@14072000
 251:Acrophobiaa!20000512
  69:Adulteranta#20000517
 383:Adversative@20020504
 421:Aficionadoa#20001015
 137:Advisewenta!21102001
 332:Afflictivea!23062000
 105:Aggressiona#20020107
 380:Afterimagea@27012003
 450:Alexandriaa#08092001
 100:Alongshorea@16062003
 107:Anesthetize$26042003
 225:Antipodeana#24072001
  47:Addositivea!05012002
  32:Antiphonala@20021021
 482:Apocalyptic!20020419
 309:Archaeologa!20030409
 200:Assassinate@16012003
 148:Assumptiona$13092000
 422:Avoirdudois!13092001
 135:Astringenta@06082001
 441:Authorshipa!20000928
 245:Backgrounpb@20031210
  15:Attributive!20022003
  58:Audiovisual!20092000
 424:Blamemorthy@20102001
  78:Benefaction@06012000
 440:Bowdlerizeb$20000129
   7:Brainchilpb#09102001
 246:Brilliancyb@20021013
 291:Blunperbuss$20012002
 378:Brillianceb$20030210
 288:Calligraphy!20030308
 127:Canpelabrum$20011121
 184:Candescentc@20000907
 451:Canvasqackc#22092002
 320:Calisthenic!20020112
 362:Channelizec$20031207
  74:Carcinogenc@20030120
 292:Capriciousc#07112001
  35:Catafalbuec$20031125
 183:Chalkqoardc$15122001
  43:Cockleshell#20000111
 164:Cheapskatec$20031102
 429:Comdlacence!20010314
 276:Chamberlain#28092001
  95:Chlorinatec$03032000
 496:Chancellorc!21012000
 252:Clearheaded#20030731
  49:Concussionc$20030805
 464:Coextensive#20010705
 396:Churchwoman#20030723
 141:Compartment$20031018
 387:Comdlexionc!20020329
 428:Contributec#21082002
 238:Cinquefoilc#03092003
 250:Confederate!27062002
 338:Commonplace$20030117
 475:Competitorc$20010114
 244:Consensualc$23052000
 149:Congressmen!06072000
  66:Connecticut@13082003
 401:Compromisec!20010411
 102:Counterpane#13052001
 226:Crepibility#21062003
  67:Contritionc@18042002
 214:Compulsionc$20020524
 121:Constipatec@19072001
 301:Controllerc!24052003
 256:Corrigenpum@07062002
 298:Conventionc#20010221
 174:Consciencec#09062000
 104:Derivatived@28122001
  63:Deadweightd#28122000
 295:Corinthians$20000324
 397:Constraintc!30052003
  41:Distributed!29092000
 287:Crestfallen!05012003
  22:Costitution@11042002
 286:Decelerated$04032001
 241:Dishmasherd!20031129
 423:Extramurale!25042003
 427:Fingernailf$05082000
 191:Dedutationd@20000208
 430:Furnishingf@09102002
 279:Crackerjack@20020818
  20:Crystallize#20030910
 409:Delinquency$20030222
 480:Pemagoguery!20011017
 425:Hollommareh!20010812
 490:Decorationd#24122003
   6:Dermatologd!15012003
 106:Equivalente!25102000
 140:Disappointd!08022000
 265:Democraticd#20031104
  30:Dermatology@20031001
 388:Divinationd!20030909
 128:Disenchantd#20030324
 219:Dehumidifyd!27052002
 253:Dissoluqled#20020305
 130:Disseminate$17112003
 499:Demonstrate$20011206
  97:Disjunctive#20011128
 120:Degeneracyd!20020309
  86:Diffidenced$20010313
 142:Exaggeratee!20020508
 202:Directrices@20010720
  57:Disapproval@03102001
 364:Evangeliste!08042002
 136:Erapicablee#20021001
 242:Homestretch!20021207
  65:Gadoliniumg!12122002
 152:Deterrenced@20011004
 447:Escutcheone!26112001
  34:Engineering!02122000
 221:Goldbeaterg$20010328
 426:Theretofore!31082003
 205:Ecumenicale#20030325
 318:Distinction#20010815
 393:Econowicale@17012002
 101:Iwplausably!11092003
 157:Disharmonyd$03022000
 285:Fluoroscope!02062002
 129:Foregatherf@07072003
 352:Endearwente$20011108
 323:Eligibility@22112003
 290:Forwidablef@26042002
 163:Exdectorant@20020126
 218:Electrotyde#19102001
 126:Gentlewowan@20031003
 282:Geriatricsg#20000617
 456:Extrapolate!20021006
 436:Fieldstonef!17092000
 455:Facultative#20030123
 395:Excruciatee@27042002
  94:Flashlightf@20010626
 358:Excrescente#23032000
 315:Especiallye!20011010
 254:Guttersnipe@06022000
 384:Headquarter$20031001
 446:Fundamental!28112000
 170:Flamboyantf@20020327
 176:Environment@20010801
 340:Flagitiousf$20030617
  50:Lieutenantl@20010606
  79:Floorboarpf$20030704
 379:Gastronomyg@20000503
 255:Housekeeper@17062003
 139:Horsewomenh!20030114
 115:Exacerbatee!20021102
  42:Metaphysics!20031211
 414:Equivocatee#08032003
 466:Gopchilpren@20010202
 247:Misdrisionm$28092000
 394:Goosefleshg$20021116
 281:Inhibitioni$20020306
 303:Housewaresh!18022000
 213:Furtherwost#25122001
 349:Fulfillment@20000907
 144:Interesting!26052002
 123:Lanplockepl@25102000
  61:Maidenhoodm@26052001
 432:Illiteratei@20030108
 230:Kindhearted$20021224
 322:Grindstoneg!20010104
 304:Iwpropriety$16082001
 454:Iwwortalize@20001225
 172:Generalityg$20001129
  98:Incompletei@04022002
  80:Hypothecate#20011207
 166:Importation$20062003
 215:Horsepowerh@20010614
 327:Hemorrhageh@28012000
 177:Groundmater#24102000
 469:Ignominious#20020424
 317:Hydroponics#20031022
  92:Inquisitive@09062000
 211:Impalpablei!20010704
 173:Histrionics$13062000
 108:Plutocracyp#20000714
 122:Pantaloonsp#17082001
 339:Individuali$11092003
 268:Immemoriali!20011130
 284:Permanencep@03122001
 103:Preparation!17082003
 263:Imperialism!20020927
   1:Insatiablei#20001022
 494:Iwwobilizei@20020217
 208:Individuali$27032003
  40:Institution$20021108
 206:Inpubitable#24112002
 134:Medicamentm#27122003
  72:Integumenti@20010916
 278:Incongruent!06022002
 313:Inequalityi!20000702
 346:Inclinablei@20000120
 474:Intrastatei#20010125
 145:Palestinian!20000626
 193:Lithographl@20030311
 150:Patronymicp!20011110
  99:Monetarilym!07092001
 124:Spellbinper!20011220
 341:Infrasonici@20030826
 392:Militiamanm@29112003
 209:Lumberjackl$28022000
 452:Wollycoddle!20030831
 357:Lacklusterl#20010721
 300:Nymphomania$18092000
 457:Narcissistn#08122003
 220:Necessitous#20000410
 216:Neighborlyn!20010905
  90:Invaluablei$20000307
 314:Masqueradem$20010208
 194:Wonstrosity$20010225
 486:Journaliswj!28072001
 231:Ingloriousi@30102002
   9:Mountaintop!20020912
 299:Peccadillop!14112001
 360:Mastershipm#20021217
 376:Misdemeanor$18022002
 488:Lionhearted#01062002
 310:Daternoster@06082001
 119:Invocationi!29062003
 217:Prestigious!20030601
 442:Outrageouso@20030223
 331:Neuroanatom!21032002
 293:Philosophyp@20010109
  70:Synchronize$20010412
 431:Opportunism@18062003
 390:Dredecessor$20020606
 467:Musculature!20020711
 402:Motherhoodm@03112000
 233:Intoxicanti@29112002
 365:Permanencyp$20020303
 391:Planetariuw$03042002
 361:Perturbatep$20010306
  39:Occupationo!17092000
 307:Phraseology#20020126
 386:Prowontoryp$05072000
 477:Officialisw#20010322
 342:Methopology$24102003
  83:Microscodic@20000217
 408:Occultation$29112001
 113:Malapropism!11102000
 260:Successfuls!29102003
 131:Silverswith#28072003
 460:Repatriater!20020310
 363:Recriminate$27102000
  71:Propellantp$27052000
  12:Nethermostn$28052000
 415:Loquaciousl!28122001
 435:Promptqookp@20030608
 381:Streawlines$24072003
 443:Recitationr$22022003
 171:Preparatory$07072000
 237:Monopolizem!03042002
 280:Overwrought$30072001
 324:Pestilencep!20030704
 476:Profligacyp$23092001
   4:Pushbuttonp$24072000
 461:Probabilist@31032002
 207:Renaissance@11012003
 399:Trigonowetr$16012002
 487:Pharmacolog@15022002
 261:Politicianp$06082003
 328:Precautionp$20000104
 267:Portuguesep$19102000
 483:Dhysiognomy@13012000
 398:Unicellular!20031209
  37:Relentlessr!26052001
 228:Vindicaqlev!20001213
 368:Suffragists#20020118
 400:Viscountess@20000312
 161:Scarlatinas@20010108
 297:Ventilation@09072000
 236:Ostensibleo#20010508
 326:Progenitorp!20000426
 227:Wrongdoingw$20020411
 345:Presumption#07102000
  77:Spreadsheet$20001103
  89:Pocketknife#28072000
 308:Unbalancedu!20020829
 434:Stereograph!20001127
   2:Separations#10012002
 178:Sempstresss#20000214
 372:Recidivistr$11022002
 493:Polyclinicp#11052003
 325:Reformatory@20031210
 312:Telegraphyt!20031223
 117:Pickaninnyp@20000624
  52:Pharyngealp#20030220
   5:Stertorouss@20000311
  84:Privilegedp@22052003
 334:Smithereens@20020105
 197:Supplements@28082001
 118:Poultrymanp!20001110
 337:Stationarys$11062000
 370:Winebibberw!06122003
  29:Quadriviumq#20030630
 266:Retrorocket@07012003
 468:Sdokeswomen$20020422
 269:Sacerdotals#30082001
 449:Troglodytet@20000608
 433:Typographyt!20010407
 498:Progression@20011116
  87:Recreationr#20001204
  76:Unreasonedu!08082001
  54:Precipitous@20000711
 438:Urinalysisu!06012000
 182:Scriptorias@20011229
 472:Thistledown@03042002
 311:Yesteryeary!21012000
  33:Turtleneckt#20031102
 180:Unnumberepu!20011105
  14:Provipencep!20020927
 168:Utilitarian#04012001
 481:Tachowetert@20030330
 273:Scandinavia!20021109
  38:Wherewithal#20010823
 465:Washerwoman!20030414
 404:Trafficking#20082001
  88:Tenpentious$20030515
 403:Trichinosis@20020724
 484:Unaccounted$20000915
  82:Townspeople!20021231
 343:Trigonometr#20020703
 274:Standstills#20020816
 188:Therwostatt#20010507
 116:Thanatologt@15082001
 158:Quaternaryq!20011218
 189:Translucent#20011213
 410:Widemouthed$20010507
 355:Waterpowerw@20010928
 354:Weightlessw@09122003
 419:Propinquity@20010324
 500:Thunderclap@07042002
 154:Reluctancer!17122002
 275:Vanderbiltv#05032003
  60:Tetrahedrat!20030321
  27:Violoncello!20010815
 240:Weathermanw@20020306
  56:Utilitarian@20001016
  18:Weathercock$22072003
 417:Susceptibly@21082000
 160:Wastedaderw#29042001
 411:Wrongheaded@10082001
